2022/05/25 12:52:12 [notice] 1#1: using the "epoll" event method
2022/05/25 12:52:12 [notice] 1#1: nginx/1.21.6
2022/05/25 12:52:12 [notice] 1#1: built by gcc 10.2.1 20210110 (Debian 10.2.1-6) 
2022/05/25 12:52:12 [notice] 1#1: OS: Linux 5.10.16.3-microsoft-standard-WSL2
2022/05/25 12:52:12 [notice] 1#1: getrlimit(RLIMIT_NOFILE): 1048576:1048576
2022/05/25 12:52:12 [notice] 1#1: start worker processes
2022/05/25 12:52:12 [notice] 1#1: start worker process 32
2022/05/25 12:52:12 [notice] 1#1: start worker process 33
2022/05/25 12:52:12 [notice] 1#1: start worker process 34
2022/05/25 12:52:12 [notice] 1#1: start worker process 35
2022/05/25 12:54:04 [notice] 1#1: signal 3 (SIGQUIT) received, shutting down
2022/05/25 12:54:04 [notice] 32#32: gracefully shutting down
2022/05/25 12:54:04 [notice] 32#32: exiting
2022/05/25 12:54:04 [notice] 34#34: gracefully shutting down
2022/05/25 12:54:04 [notice] 34#34: exiting
2022/05/25 12:54:04 [notice] 33#33: gracefully shutting down
2022/05/25 12:54:04 [notice] 33#33: exiting
2022/05/25 12:54:04 [notice] 35#35: gracefully shutting down
2022/05/25 12:54:04 [notice] 35#35: exiting
2022/05/25 12:54:04 [notice] 35#35: exit
2022/05/25 12:54:04 [notice] 32#32: exit
2022/05/25 12:54:04 [notice] 34#34: exit
2022/05/25 12:54:04 [notice] 33#33: exit
2022/05/25 12:54:04 [notice] 1#1: signal 17 (SIGCHLD) received from 32
2022/05/25 12:54:04 [notice] 1#1: worker process 32 exited with code 0
2022/05/25 12:54:04 [notice] 1#1: signal 29 (SIGIO) received
2022/05/25 12:54:04 [notice] 1#1: signal 17 (SIGCHLD) received from 35
2022/05/25 12:54:04 [notice] 1#1: worker process 33 exited with code 0
2022/05/25 12:54:04 [notice] 1#1: worker process 34 exited with code 0
2022/05/25 12:54:04 [notice] 1#1: worker process 35 exited with code 0
2022/05/25 12:54:04 [notice] 1#1: exit
2022/05/25 12:54:46 [notice] 1#1: using the "epoll" event method
2022/05/25 12:54:46 [notice] 1#1: nginx/1.21.6
2022/05/25 12:54:46 [notice] 1#1: built by gcc 10.2.1 20210110 (Debian 10.2.1-6) 
2022/05/25 12:54:46 [notice] 1#1: OS: Linux 5.10.16.3-microsoft-standard-WSL2
2022/05/25 12:54:46 [notice] 1#1: getrlimit(RLIMIT_NOFILE): 1048576:1048576
2022/05/25 12:54:46 [notice] 1#1: start worker processes
2022/05/25 12:54:46 [notice] 1#1: start worker process 30
2022/05/25 12:54:46 [notice] 1#1: start worker process 31
2022/05/25 12:54:46 [notice] 1#1: start worker process 32
2022/05/25 12:54:46 [notice] 1#1: start worker process 33
2022/05/25 12:54:46 [error] 30#30: *1 connect() failed (111: Connection refused) while connecting to upstream, client: 172.18.0.1, server: , request: "GET / HTTP/1.1", upstream: "http://172.18.0.3:3000/", host: "localhost"
2022/05/25 12:54:47 [error] 30#30: *1 connect() failed (111: Connection refused) while connecting to upstream, client: 172.18.0.1, server: , request: "GET /favicon.ico HTTP/1.1", upstream: "http://172.18.0.3:3000/favicon.ico", host: "localhost", referrer: "http://localhost/"
2022/05/25 12:54:48 [error] 30#30: *1 connect() failed (111: Connection refused) while connecting to upstream, client: 172.18.0.1, server: , request: "GET / HTTP/1.1", upstream: "http://172.18.0.3:3000/", host: "localhost"
2022/05/25 12:54:49 [error] 30#30: *1 connect() failed (111: Connection refused) while connecting to upstream, client: 172.18.0.1, server: , request: "GET /favicon.ico HTTP/1.1", upstream: "http://172.18.0.3:3000/favicon.ico", host: "localhost", referrer: "http://localhost/"
2022/05/25 13:03:10 [notice] 1#1: signal 3 (SIGQUIT) received, shutting down
2022/05/25 13:03:10 [notice] 30#30: gracefully shutting down
2022/05/25 13:03:10 [notice] 30#30: exiting
2022/05/25 13:03:10 [notice] 32#32: gracefully shutting down
2022/05/25 13:03:10 [notice] 32#32: exiting
2022/05/25 13:03:10 [notice] 31#31: gracefully shutting down
2022/05/25 13:03:10 [notice] 31#31: exiting
2022/05/25 13:03:10 [notice] 33#33: gracefully shutting down
2022/05/25 13:03:10 [notice] 33#33: exiting
2022/05/25 13:03:10 [notice] 30#30: exit
2022/05/25 13:03:10 [notice] 32#32: exit
2022/05/25 13:03:10 [notice] 31#31: exit
2022/05/25 13:03:10 [notice] 33#33: exit
2022/05/25 13:03:10 [notice] 1#1: signal 17 (SIGCHLD) received from 30
2022/05/25 13:03:10 [notice] 1#1: worker process 30 exited with code 0
2022/05/25 13:03:10 [notice] 1#1: worker process 31 exited with code 0
2022/05/25 13:03:10 [notice] 1#1: worker process 33 exited with code 0
2022/05/25 13:03:10 [notice] 1#1: signal 29 (SIGIO) received
2022/05/25 13:03:10 [notice] 1#1: signal 17 (SIGCHLD) received from 32
2022/05/25 13:03:10 [notice] 1#1: worker process 32 exited with code 0
2022/05/25 13:03:10 [notice] 1#1: exit
2022/05/25 13:05:05 [notice] 1#1: using the "epoll" event method
2022/05/25 13:05:05 [notice] 1#1: nginx/1.21.6
2022/05/25 13:05:05 [notice] 1#1: built by gcc 10.2.1 20210110 (Debian 10.2.1-6) 
2022/05/25 13:05:05 [notice] 1#1: OS: Linux 5.10.16.3-microsoft-standard-WSL2
2022/05/25 13:05:05 [notice] 1#1: getrlimit(RLIMIT_NOFILE): 1048576:1048576
2022/05/25 13:05:05 [notice] 1#1: start worker processes
2022/05/25 13:05:05 [notice] 1#1: start worker process 31
2022/05/25 13:05:05 [notice] 1#1: start worker process 32
2022/05/25 13:05:05 [notice] 1#1: start worker process 33
2022/05/25 13:05:05 [notice] 1#1: start worker process 34
2022/05/25 13:06:46 [error] 32#32: *7 connect() failed (111: Connection refused) while connecting to upstream, client: 172.19.0.1, server: , request: "GET /api/ HTTP/1.1", upstream: "http://172.19.0.3:3000/", host: "localhost"
2022/05/25 13:06:48 [error] 32#32: *7 connect() failed (111: Connection refused) while connecting to upstream, client: 172.19.0.1, server: , request: "GET /api HTTP/1.1", upstream: "http://172.19.0.3:3000/api", host: "localhost"
2022/05/25 13:07:25 [notice] 1#1: signal 3 (SIGQUIT) received, shutting down
2022/05/25 13:07:25 [notice] 31#31: gracefully shutting down
2022/05/25 13:07:25 [notice] 33#33: gracefully shutting down
2022/05/25 13:07:25 [notice] 34#34: gracefully shutting down
2022/05/25 13:07:25 [notice] 32#32: gracefully shutting down
2022/05/25 13:07:25 [notice] 31#31: exiting
2022/05/25 13:07:25 [notice] 33#33: exiting
2022/05/25 13:07:25 [notice] 34#34: exiting
2022/05/25 13:07:25 [notice] 32#32: exiting
2022/05/25 13:07:25 [notice] 32#32: exit
2022/05/25 13:07:25 [notice] 31#31: exit
2022/05/25 13:07:25 [notice] 33#33: exit
2022/05/25 13:07:25 [notice] 34#34: exit
2022/05/25 13:07:25 [notice] 1#1: signal 17 (SIGCHLD) received from 33
2022/05/25 13:07:25 [notice] 1#1: worker process 31 exited with code 0
2022/05/25 13:07:25 [notice] 1#1: worker process 32 exited with code 0
2022/05/25 13:07:25 [notice] 1#1: worker process 33 exited with code 0
2022/05/25 13:07:25 [notice] 1#1: worker process 34 exited with code 0
2022/05/25 13:07:25 [notice] 1#1: exit
2022/05/25 13:07:47 [notice] 1#1: using the "epoll" event method
2022/05/25 13:07:47 [notice] 1#1: nginx/1.21.6
2022/05/25 13:07:47 [notice] 1#1: built by gcc 10.2.1 20210110 (Debian 10.2.1-6) 
2022/05/25 13:07:47 [notice] 1#1: OS: Linux 5.10.16.3-microsoft-standard-WSL2
2022/05/25 13:07:47 [notice] 1#1: getrlimit(RLIMIT_NOFILE): 1048576:1048576
2022/05/25 13:07:47 [notice] 1#1: start worker processes
2022/05/25 13:07:47 [notice] 1#1: start worker process 30
2022/05/25 13:07:47 [notice] 1#1: start worker process 31
2022/05/25 13:07:47 [notice] 1#1: start worker process 32
2022/05/25 13:07:47 [notice] 1#1: start worker process 33
2022/05/25 13:08:22 [error] 30#30: *1 connect() failed (111: Connection refused) while connecting to upstream, client: 172.20.0.1, server: , request: "GET /api/ HTTP/1.1", upstream: "http://172.20.0.4:3000/", host: "localhost"
2022/05/25 13:10:51 [error] 32#32: *9 connect() failed (111: Connection refused) while connecting to upstream, client: 172.20.0.1, server: , request: "GET /api/ HTTP/1.1", upstream: "http://172.20.0.4:3000/", host: "localhost"
2022/05/25 13:11:09 [error] 32#32: *9 connect() failed (111: Connection refused) while connecting to upstream, client: 172.20.0.1, server: , request: "GET /api/ HTTP/1.1", upstream: "http://172.20.0.4:3000/", host: "localhost"
2022/05/25 13:12:13 [notice] 1#1: signal 3 (SIGQUIT) received, shutting down
2022/05/25 13:12:13 [notice] 30#30: gracefully shutting down
2022/05/25 13:12:13 [notice] 33#33: gracefully shutting down
2022/05/25 13:12:13 [notice] 31#31: gracefully shutting down
2022/05/25 13:12:13 [notice] 31#31: exiting
2022/05/25 13:12:13 [notice] 32#32: gracefully shutting down
2022/05/25 13:12:13 [notice] 30#30: exiting
2022/05/25 13:12:13 [notice] 30#30: exit
2022/05/25 13:12:13 [notice] 33#33: exiting
2022/05/25 13:12:13 [notice] 31#31: exit
2022/05/25 13:12:13 [notice] 32#32: exiting
2022/05/25 13:12:13 [notice] 32#32: exit
2022/05/25 13:12:13 [notice] 33#33: exit
2022/05/25 13:12:13 [notice] 1#1: signal 17 (SIGCHLD) received from 33
2022/05/25 13:12:13 [notice] 1#1: worker process 30 exited with code 0
2022/05/25 13:12:13 [notice] 1#1: worker process 31 exited with code 0
2022/05/25 13:12:13 [notice] 1#1: worker process 33 exited with code 0
2022/05/25 13:12:13 [notice] 1#1: signal 29 (SIGIO) received
2022/05/25 13:12:13 [notice] 1#1: signal 17 (SIGCHLD) received from 31
2022/05/25 13:12:13 [notice] 1#1: signal 17 (SIGCHLD) received from 32
2022/05/25 13:12:13 [notice] 1#1: worker process 32 exited with code 0
2022/05/25 13:12:13 [notice] 1#1: exit
2022/05/25 13:12:44 [notice] 1#1: using the "epoll" event method
2022/05/25 13:12:44 [notice] 1#1: nginx/1.21.6
2022/05/25 13:12:44 [notice] 1#1: built by gcc 10.2.1 20210110 (Debian 10.2.1-6) 
2022/05/25 13:12:44 [notice] 1#1: OS: Linux 5.10.16.3-microsoft-standard-WSL2
2022/05/25 13:12:44 [notice] 1#1: getrlimit(RLIMIT_NOFILE): 1048576:1048576
2022/05/25 13:12:44 [notice] 1#1: start worker processes
2022/05/25 13:12:44 [notice] 1#1: start worker process 30
2022/05/25 13:12:44 [notice] 1#1: start worker process 31
2022/05/25 13:12:44 [notice] 1#1: start worker process 32
2022/05/25 13:12:44 [notice] 1#1: start worker process 33
2022/05/25 13:13:07 [error] 30#30: *1 connect() failed (111: Connection refused) while connecting to upstream, client: 172.21.0.1, server: , request: "GET /api/ HTTP/1.1", upstream: "http://172.21.0.2:3000/", host: "localhost"
2022/05/25 13:17:53 [notice] 1#1: signal 3 (SIGQUIT) received, shutting down
2022/05/25 13:17:53 [notice] 30#30: gracefully shutting down
2022/05/25 13:17:53 [notice] 30#30: exiting
2022/05/25 13:17:53 [notice] 33#33: gracefully shutting down
2022/05/25 13:17:53 [notice] 33#33: exiting
2022/05/25 13:17:53 [notice] 31#31: gracefully shutting down
2022/05/25 13:17:53 [notice] 31#31: exiting
2022/05/25 13:17:53 [notice] 32#32: gracefully shutting down
2022/05/25 13:17:53 [notice] 30#30: exit
2022/05/25 13:17:53 [notice] 33#33: exit
2022/05/25 13:17:53 [notice] 31#31: exit
2022/05/25 13:17:53 [notice] 32#32: exiting
2022/05/25 13:17:53 [notice] 32#32: exit
2022/05/25 13:17:53 [notice] 1#1: signal 17 (SIGCHLD) received from 30
2022/05/25 13:17:53 [notice] 1#1: worker process 30 exited with code 0
2022/05/25 13:17:53 [notice] 1#1: worker process 32 exited with code 0
2022/05/25 13:17:53 [notice] 1#1: signal 29 (SIGIO) received
2022/05/25 13:17:53 [notice] 1#1: signal 17 (SIGCHLD) received from 32
2022/05/25 13:17:53 [notice] 1#1: signal 17 (SIGCHLD) received from 33
2022/05/25 13:17:53 [notice] 1#1: worker process 31 exited with code 0
2022/05/25 13:17:53 [notice] 1#1: worker process 33 exited with code 0
2022/05/25 13:17:53 [notice] 1#1: exit
2022/05/25 13:18:00 [notice] 1#1: using the "epoll" event method
2022/05/25 13:18:00 [notice] 1#1: nginx/1.21.6
2022/05/25 13:18:00 [notice] 1#1: built by gcc 10.2.1 20210110 (Debian 10.2.1-6) 
2022/05/25 13:18:00 [notice] 1#1: OS: Linux 5.10.16.3-microsoft-standard-WSL2
2022/05/25 13:18:00 [notice] 1#1: getrlimit(RLIMIT_NOFILE): 1048576:1048576
2022/05/25 13:18:00 [notice] 1#1: start worker processes
2022/05/25 13:18:00 [notice] 1#1: start worker process 32
2022/05/25 13:18:00 [notice] 1#1: start worker process 33
2022/05/25 13:18:00 [notice] 1#1: start worker process 34
2022/05/25 13:18:00 [notice] 1#1: start worker process 35
2022/05/25 13:19:39 [notice] 1#1: signal 3 (SIGQUIT) received, shutting down
2022/05/25 13:19:39 [notice] 32#32: gracefully shutting down
2022/05/25 13:19:39 [notice] 34#34: gracefully shutting down
2022/05/25 13:19:39 [notice] 35#35: gracefully shutting down
2022/05/25 13:19:39 [notice] 33#33: gracefully shutting down
2022/05/25 13:19:39 [notice] 33#33: exiting
2022/05/25 13:19:39 [notice] 32#32: exiting
2022/05/25 13:19:39 [notice] 34#34: exiting
2022/05/25 13:19:39 [notice] 35#35: exiting
2022/05/25 13:19:39 [notice] 33#33: exit
2022/05/25 13:19:39 [notice] 32#32: exit
2022/05/25 13:19:39 [notice] 34#34: exit
2022/05/25 13:19:39 [notice] 35#35: exit
2022/05/25 13:19:39 [notice] 1#1: signal 17 (SIGCHLD) received from 35
2022/05/25 13:19:39 [notice] 1#1: worker process 32 exited with code 0
2022/05/25 13:19:39 [notice] 1#1: worker process 33 exited with code 0
2022/05/25 13:19:39 [notice] 1#1: worker process 34 exited with code 0
2022/05/25 13:19:39 [notice] 1#1: worker process 35 exited with code 0
2022/05/25 13:19:39 [notice] 1#1: exit
2022/05/25 13:19:48 [notice] 1#1: using the "epoll" event method
2022/05/25 13:19:48 [notice] 1#1: nginx/1.21.6
2022/05/25 13:19:48 [notice] 1#1: built by gcc 10.2.1 20210110 (Debian 10.2.1-6) 
2022/05/25 13:19:48 [notice] 1#1: OS: Linux 5.10.16.3-microsoft-standard-WSL2
2022/05/25 13:19:48 [notice] 1#1: getrlimit(RLIMIT_NOFILE): 1048576:1048576
2022/05/25 13:19:48 [notice] 1#1: start worker processes
2022/05/25 13:19:48 [notice] 1#1: start worker process 31
2022/05/25 13:19:48 [notice] 1#1: start worker process 32
2022/05/25 13:19:48 [notice] 1#1: start worker process 33
2022/05/25 13:19:48 [notice] 1#1: start worker process 34
2022/05/25 13:21:11 [notice] 1#1: signal 3 (SIGQUIT) received, shutting down
2022/05/25 13:21:11 [notice] 33#33: gracefully shutting down
2022/05/25 13:21:11 [notice] 33#33: exiting
2022/05/25 13:21:11 [notice] 32#32: gracefully shutting down
2022/05/25 13:21:11 [notice] 32#32: exiting
2022/05/25 13:21:11 [notice] 34#34: gracefully shutting down
2022/05/25 13:21:11 [notice] 31#31: gracefully shutting down
2022/05/25 13:21:11 [notice] 31#31: exiting
2022/05/25 13:21:11 [notice] 33#33: exit
2022/05/25 13:21:11 [notice] 32#32: exit
2022/05/25 13:21:11 [notice] 34#34: exiting
2022/05/25 13:21:11 [notice] 31#31: exit
2022/05/25 13:21:11 [notice] 34#34: exit
2022/05/25 13:21:11 [notice] 1#1: signal 17 (SIGCHLD) received from 34
2022/05/25 13:21:11 [notice] 1#1: worker process 34 exited with code 0
2022/05/25 13:21:11 [notice] 1#1: signal 29 (SIGIO) received
2022/05/25 13:21:11 [notice] 1#1: signal 17 (SIGCHLD) received from 32
2022/05/25 13:21:11 [notice] 1#1: worker process 31 exited with code 0
2022/05/25 13:21:11 [notice] 1#1: worker process 32 exited with code 0
2022/05/25 13:21:11 [notice] 1#1: worker process 33 exited with code 0
2022/05/25 13:21:11 [notice] 1#1: exit
